生成启动时间为 2015/3/31 21:50:15。
     1>项目“E:\WORK\SteelDetectcl\SteelDetect\SteelDetect.vcxproj”在节点 2 上(build 个目标)。
     1>InitializeBuildStatus:
         正在对“Debug\SteelDetect.unsuccessfulbuild”执行 Touch 任务。
       CustomBuild:
         所有输出均为最新。
       ClCompile:
         C:\Program Files (x86)\Microsoft Visual Studio 10.0\VC\bin\CL.exe /c /I.\GeneratedFiles /I. /IC:\Qt\4.8.5\include /I.\GeneratedFiles\Debug /IC:\Qt\4.8.5\include\QtCore /IC:\Qt\4.8.5\include\QtGui /IC:\Qt\4.8.5\include\QtSql /IC:\Qt\4.8.5\include\QtOpenGL /IC:\Qt\4.8.5\include\QtNetwork /I"C:\Program Files (x86)\AMD APP SDK\3.0-0-Beta\include" /Zi /nologo /W1 /WX- /Od /Oy- /D UNICODE /D WIN32 /D QT_DLL /D QT_CORE_LIB /D QT_GUI_LIB /D QT_SQL_LIB /D QT_OPENGL_LIB /D QT_NETWORK_LIB /Gm- /EHsc /MDd /GS /fp:precise /Zc:wchar_t- /Zc:forScope /Fo"Debug\\" /Fd"Debug\vc100.pdb" /Gd /TP /analyze- /errorReport:prompt Tool.cpp
         Tool.cpp
     1>e:\work\steeldetectcl\steeldetect\tool.cpp(1473): warning C4715: “video_main_function”: 不是所有的控件路径都返回值
     1>e:\work\steeldetectcl\steeldetect\tool.cpp(1462): warning C4700: 使用了未初始化的局部变量“output_Height”
     1>e:\work\steeldetectcl\steeldetect\tool.cpp(1462): warning C4700: 使用了未初始化的局部变量“output_Width”
     1>e:\work\steeldetectcl\steeldetect\tool.cpp(1462): warning C4700: 使用了未初始化的局部变量“output_Format”
     1>e:\work\steeldetectcl\steeldetect\tool.cpp(1462): warning C4700: 使用了未初始化的局部变量“profile”
         所有输出均为最新。
       Link:
         C:\Program Files (x86)\Microsoft Visual Studio 10.0\VC\bin\link.exe /ERRORREPORT:PROMPT /OUT:"E:\WORK\SteelDetectcl\Win32\Debug\\SteelDetect.exe" /NOLOGO /LIBPATH:C:\Qt\4.8.5\lib /LIBPATH:"C:\Program Files (x86)\AMD APP SDK\3.0-0-Beta\lib\x86" qtmaind.lib QtCored4.lib QtGuid4.lib QtSqld4.lib QtNetworkd4.lib opencv_ml249d.lib opencv_calib3d249d.lib opencv_contrib249d.lib opencv_core249d.lib opencv_features2d249d.lib opencv_flann249d.lib opencv_gpu249d.lib opencv_highgui249d.lib opencv_imgproc249d.lib opencv_legacy249d.lib opencv_objdetect249d.lib opencv_ts249d.lib opencv_video249d.lib opencv_nonfree249d.lib opencv_ocl249d.lib opencv_photo249d.lib opencv_stitching249d.lib opencv_superres249d.lib opencv_videostab249d.lib OpenCL.lib OpenVideo.lib kernel32.lib user32.lib gdi32.lib winspool.lib comdlg32.lib advapi32.lib shell32.lib ole32.lib oleaut32.lib uuid.lib odbc32.lib odbccp32.lib /MANIFEST /ManifestFile:"Debug\SteelDetect.exe.intermediate.manifest" /MANIFESTUAC:"level='asInvoker' uiAccess='false'" /DEBUG /PDB:"E:\WORK\SteelDetectcl\Win32\Debug\SteelDetect.pdb" /SUBSYSTEM:WINDOWS /TLBID:1 /DYNAMICBASE /NXCOMPAT /IMPLIB:"E:\WORK\SteelDetectcl\Win32\Debug\SteelDetect.lib" /MACHINE:X86 Debug\canny2.obj
         Debug\CubicSpline.obj
         Debug\curveFitting.obj
         Debug\EdgeDetection.obj
         Debug\moc_imgwidget.obj
         Debug\moc_steeldetect.obj
         Debug\qrc_steeldetect.obj
         Debug\GlobalApi.obj
         Debug\imgwidget.obj
         Debug\main.obj
         Debug\multipoly.obj
         Debug\steeldetect.obj
         Debug\Tool.obj
         Debug\Zernike.obj
         LINK : 没有找到 E:\WORK\SteelDetectcl\Win32\Debug\\SteelDetect.exe 或上一个增量链接没有生成它；正在执行完全链接
         SteelDetect.vcxproj -> E:\WORK\SteelDetectcl\Win32\Debug\SteelDetect.exe
       Manifest:
         C:\Program Files (x86)\Microsoft SDKs\Windows\v7.0A\bin\mt.exe /nologo /verbose /outputresource:"E:\WORK\SteelDetectcl\Win32\Debug\\SteelDetect.exe;#1" /manifest Debug\SteelDetect.exe.intermediate.manifest
       FinalizeBuildStatus:
         正在删除文件“Debug\SteelDetect.unsuccessfulbuild”。
         正在对“Debug\SteelDetect.lastbuildstate”执行 Touch 任务。
     1>已完成生成项目“E:\WORK\SteelDetectcl\SteelDetect\SteelDetect.vcxproj”(build 个目标)的操作。

生成成功。

已用时间 00:00:07.87
